<?xml version="1.0" encoding="UTF-8"?>
<!-- Generated by org.testng.reporters.JUnitReportReporter -->
<testsuite hostname="LAPTOP-2JKV47KN" failures="0" tests="25" name="Tests.Signup$Signuppage" time="0.561" errors="1" timestamp="2024-01-20T10:02:14 IST" skipped="24">
  <testcase classname="Tests.Signup$Signuppage" name="intialisebrowser" time="0.558">
    <error message="&#039;com.google.common.collect.ImmutableMap com.google.common.collect.ImmutableMap.of(java.lang.Object, java.lang.Object, java.lang.Object, java.lang.Object, java.lang.Object, java.lang.Object, java.lang.Object, java.lang.Object, java.lang.Object, java.lang.Object, java.lang.Object, java.lang.Object)&#039;" type="java.lang.NoSuchMethodError">
      <![CDATA[java.lang.NoSuchMethodError: 'com.google.common.collect.ImmutableMap com.google.common.collect.ImmutableMap.of(java.lang.Object, java.lang.Object, java.lang.Object, java.lang.Object, java.lang.Object, java.lang.Object, java.lang.Object, java.lang.Object, java.lang.Object, java.lang.Object, java.lang.Object, java.lang.Object)'
at org.openqa.selenium.chrome.AddHasCasting.getAdditionalCommands(AddHasCasting.java:38)
at org.openqa.selenium.chrome.ChromeDriver$ChromeDriverCommandExecutor.getExtraCommands(ChromeDriver.java:120)
at org.openqa.selenium.chrome.ChromeDriver$ChromeDriverCommandExecutor.<init>(ChromeDriver.java:115)
at org.openqa.selenium.chrome.ChromeDriver.generateExecutor(ChromeDriver.java:105)
at org.openqa.selenium.chrome.ChromeDriver.<init>(ChromeDriver.java:88)
at org.openqa.selenium.chrome.ChromeDriver.<init>(ChromeDriver.java:83)
at org.openqa.selenium.chrome.ChromeDriver.<init>(ChromeDriver.java:51)
at Utilites.Basetest.intialisebrowser(Basetest.java:13)
at java.base/jdk.internal.reflect.NativeMethodAccessorImpl.invoke0(Native Method)
at java.base/jdk.internal.reflect.NativeMethodAccessorImpl.invoke(NativeMethodAccessorImpl.java:77)
at java.base/jdk.internal.reflect.DelegatingMethodAccessorImpl.invoke(DelegatingMethodAccessorImpl.java:43)
at java.base/java.lang.reflect.Method.invoke(Method.java:568)
at org.testng.internal.invokers.MethodInvocationHelper.invokeMethod(MethodInvocationHelper.java:139)
at org.testng.internal.invokers.MethodInvocationHelper.invokeMethodConsideringTimeout(MethodInvocationHelper.java:69)
at org.testng.internal.invokers.ConfigInvoker.invokeConfigurationMethod(ConfigInvoker.java:390)
at org.testng.internal.invokers.ConfigInvoker.invokeConfigurations(ConfigInvoker.java:325)
at org.testng.internal.invokers.TestMethodWorker.invokeBeforeClassMethods(TestMethodWorker.java:180)
at org.testng.internal.invokers.TestMethodWorker.run(TestMethodWorker.java:122)
at java.base/java.util.ArrayList.forEach(ArrayList.java:1511)
at org.testng.TestRunner.privateRun(TestRunner.java:848)
at org.testng.TestRunner.run(TestRunner.java:621)
at org.testng.SuiteRunner.runTest(SuiteRunner.java:443)
at org.testng.SuiteRunner.runSequentially(SuiteRunner.java:437)
at org.testng.SuiteRunner.privateRun(SuiteRunner.java:397)
at org.testng.SuiteRunner.run(SuiteRunner.java:336)
at org.testng.SuiteRunnerWorker.runSuite(SuiteRunnerWorker.java:52)
at org.testng.SuiteRunnerWorker.run(SuiteRunnerWorker.java:95)
at org.testng.TestNG.runSuitesSequentially(TestNG.java:1280)
at org.testng.TestNG.runSuitesLocally(TestNG.java:1200)
at org.testng.TestNG.runSuites(TestNG.java:1114)
at org.testng.TestNG.run(TestNG.java:1082)
at org.testng.remote.AbstractRemoteTestNG.run(AbstractRemoteTestNG.java:115)
at org.testng.remote.RemoteTestNG.initAndRun(RemoteTestNG.java:251)
at org.testng.remote.RemoteTestNG.main(RemoteTestNG.java:77)
]]>
    </error>
  </testcase> <!-- intialisebrowser -->
  <testcase classname="Tests.Signup$Signuppage" name="Sginin" time="0.001">
    <skipped/>
  </testcase> <!-- Sginin -->
  <testcase classname="Tests.Signup$Signuppage" name="Productdetailspage" time="0.000">
    <skipped/>
  </testcase> <!-- Productdetailspage -->
  <testcase classname="Tests.Signup$Signuppage" name="Cartbrand" time="0.000">
    <skipped/>
  </testcase> <!-- Cartbrand -->
  <testcase classname="Tests.Signup$Signuppage" name="Findlocation" time="0.000">
    <skipped/>
  </testcase> <!-- Findlocation -->
  <testcase classname="Tests.Signup$Signuppage" name="Dropdownbox" time="0.000">
    <skipped/>
  </testcase> <!-- Dropdownbox -->
  <testcase classname="Tests.Signup$Signuppage" name="Selectlanguage" time="0.000">
    <skipped/>
  </testcase> <!-- Selectlanguage -->
  <testcase classname="Tests.Signup$Signuppage" name="Viewcategory" time="0.001">
    <skipped/>
  </testcase> <!-- Viewcategory -->
  <testcase classname="Tests.Signup$Signuppage" name="Recommendeditems" time="0.000">
    <skipped/>
  </testcase> <!-- Recommendeditems -->
  <testcase classname="Tests.Signup$Signuppage" name="Searchbar" time="0.001">
    <skipped/>
  </testcase> <!-- Searchbar -->
  <testcase classname="Tests.Signup$Signuppage" name="Addproduct" time="0.000">
    <skipped/>
  </testcase> <!-- Addproduct -->
  <testcase classname="Tests.Signup$Signuppage" name="Cartpage" time="0.000">
    <skipped/>
  </testcase> <!-- Cartpage -->
  <testcase classname="Tests.Signup$Signuppage" name="Productquantity" time="0.000">
    <skipped/>
  </testcase> <!-- Productquantity -->
  <testcase classname="Tests.Signup$Signuppage" name="Removefromcart" time="0.000">
    <skipped/>
  </testcase> <!-- Removefromcart -->
  <testcase classname="Tests.Signup$Signuppage" name="Registrypage" time="0.000">
    <skipped/>
  </testcase> <!-- Registrypage -->
  <testcase classname="Tests.Signup$Signuppage" name="Orderandreturn" time="0.000">
    <skipped/>
  </testcase> <!-- Orderandreturn -->
  <testcase classname="Tests.Signup$Signuppage" name="Membershipandsubscription" time="0.000">
    <skipped/>
  </testcase> <!-- Membershipandsubscription -->
  <testcase classname="Tests.Signup$Signuppage" name="Giftcardpage" time="0.000">
    <skipped/>
  </testcase> <!-- Giftcardpage -->
  <testcase classname="Tests.Signup$Signuppage" name="Verifycartafterlogin" time="0.000">
    <skipped/>
  </testcase> <!-- Verifycartafterlogin -->
  <testcase classname="Tests.Signup$Signuppage" name="Scrollupusingarrow" time="0.000">
    <skipped/>
  </testcase> <!-- Scrollupusingarrow -->
  <testcase classname="Tests.Signup$Signuppage" name="Scrollupwithoutarrow" time="0.000">
    <skipped/>
  </testcase> <!-- Scrollupwithoutarrow -->
  <testcase classname="Tests.Signup$Signuppage" name="Testcasespage" time="0.000">
    <skipped/>
  </testcase> <!-- Testcasespage -->
  <testcase classname="Tests.Signup$Signuppage" name="Proceedcheckout" time="0.000">
    <skipped/>
  </testcase> <!-- Proceedcheckout -->
  <testcase classname="Tests.Signup$Signuppage" name="Beforecheckout" time="0.000">
    <skipped/>
  </testcase> <!-- Beforecheckout -->
  <testcase classname="Tests.Signup$Signuppage" name="Musiclibrary" time="0.000">
    <skipped/>
  </testcase> <!-- Musiclibrary -->
</testsuite> <!-- Tests.Signup$Signuppage -->
